MPASM 5.86                          MAIN.ASM   4-13-2020  12:08:35         PAGE  1


LOC  OBJECT CODE     LINE SOURCE TEXT
  VALUE

                      00001 ;=========================================================
                      00002 ;IMPLEMENTAION NOTES
                      00003 ;=========================================================
                      00004     ;<editor-fold defaultstate="collapsed" desc="IMPLEMENTATION NOTES">
                      00005 
                      00006     ;------------------------------------------------
                      00007     ;USUART
                      00008     ;------------------------------------------------
                      00009     ; -> TX interrupts are disabled at all times to prevent undesired behaviour
                      00010     ; -> USUART_RX_ECHO_FLAG is used to echo all received data
                      00011     ; -> 8-byte commands will be used and testing for this length will be conducted
                      00012     ; -> using more than 8-bytes may result in undesired behaviour
                      00013 
                      00014     ;------------------------------------------------
                      00015     ;USUART BUFFER
                      00016     ;------------------------------------------------
                      00017     ; -> USUART uses an 8-byte buffer implemented with indirect addressing
                      00018     ; -> The first 8 bytes of the CBLOCK is reserved for this buffer
                      00019 
                      00020     ;------------------------------------------------
                      00021     ;USUART TRANSMITION
                      00022     ;------------------------------------------------
                      00023     ; -> The PIC continiously loops until data is transmitted
                      00024     ; -> During this period other interrupts are disabled
                      00025 
                      00026     ;</editor-fold>
                      00027 ;=========================================================
                      00028 ;HEADERS
                      00029 ;=========================================================
                      00030     ;<editor-fold defaultstate="collapsed" desc="Headers">
                      00031 
                      00032     Title "USUART Communication"
                      00033     list p=PIC18F45K22
                      00034     #include "p18f45K22.inc"
                      00001         LIST
                      00002 
                      00003 ;==========================================================================
                      00004 ; Build date : Oct 24 2019
                      00005 ;  MPASM PIC18F45K22 processor include
                      00006 ; 
                      00007 ;  (c) Copyright 1999-2019 Microchip Technology, All rights reserved
                      00008 ;==========================================================================
                      00009 
                      02795         LIST
                      00035 
                      00036     ;</editor-fold>
                      00037 ;=========================================================
                      00038 ;CONFIGURATION BITS
                      00039 ;=========================================================
                      00040     ;<editor-fold defaultstate="collapsed" desc="CONFIGURATION BITS">
                      00041 
                      00042     CONFIG  FOSC = INTIO67 ; Oscillator Selection bits (Internal oscillator block, port function on RA6 
                            and RA7)
MPASM 5.86                          MAIN.ASM   4-13-2020  12:08:35         PAGE  2
USUART Communication

LOC  OBJECT CODE     LINE SOURCE TEXT
  VALUE

                      00043     CONFIG  WDTEN = OFF ; Watchdog Timer Enable bit (WDT is controlled by SWDTEN bit of the WDTCON regis
                            ter)
                      00044     CONFIG  LVP = ON ; Low voltage programming enabled
                      00045 
                      00046     ;</editor-fold>
                      00047 ;=========================================================
                      00048 ;C BLOCK
                      00049 ;=========================================================
                      00050     ;<editor-fold defaultstate="collapsed" desc="CBLOCK">
                      00051 
                      00052     CBLOCK 0x00 ; Start cblock at 0x00
                      00053 
                      00054     ;----------------------------------------------
                      00055     ; USUART Variables
                      00056     ;----------------------------------------------
                      00057     ;<editor-fold defaultstate="collapsed" desc="USUART_BUFFER">
                      00058 
  00000000            00059     USUART_BUFFER_0
  00000001            00060     USUART_BUFFER_1
  00000002            00061     USUART_BUFFER_2
  00000003            00062     USUART_BUFFER_3
  00000004            00063     USUART_BUFFER_4
  00000005            00064     USUART_BUFFER_5
  00000006            00065     USUART_BUFFER_6
  00000007            00066     USUART_BUFFER_7
                      00067 
                      00068     ;</editor-fold>
                      00069 
                      00070     ;<editor-fold defaultstate="collapsed" desc="USUART_FLAGS">
                      00071 
  00000008            00072     USUART_ERROR_FLAG ; Flag used for checking errors that occured with USUART
  00000009            00073     USUART_RX_ECHO_FLAG ; Flag used for echoing all received data
                      00074 
                      00075     ;</editor-fold>
                      00076 
                      00077     ;----------------------------------------------
                      00078     ; DELAY Variables
                      00079     ;----------------------------------------------
                      00080     ;<editor-fold defaultstate="collapsed" desc="DELAY VARIABLES">
                      00081 
  0000000A            00082     delay1
  0000000B            00083     delay2
  0000000C            00084     delay3
                      00085 
                      00086     ;</editor-fold>
                      00087 
                      00088     ENDC ; END the cblock
                      00089 
                      00090     ;</editor-fold>
                      00091 ;=========================================================
                      00092 ;VARIABLES
                      00093 ;=========================================================
                      00094     ;<editor-fold defaultstate="collapsed" desc="VARIABLES">
MPASM 5.86                          MAIN.ASM   4-13-2020  12:08:35         PAGE  3
USUART Communication

LOC  OBJECT CODE     LINE SOURCE TEXT
  VALUE

                      00095 
                      00096     ;----------------------------------------------
                      00097     ; USUART Variables and Flags
                      00098     ;----------------------------------------------
                      00099     ;<editor-fold defaultstate="collapsed" desc="USUART">
                      00100 
                      00101 
                      00102      ;</editor-fold>
                      00103 
                      00104     ;----------------------------------------------
                      00105     ; PINS
                      00106     ;----------------------------------------------
                      00107     ;<editor-fold defaultstate="collapsed" desc="PINS">
                      00108 
                      00109     ;----------------------------------------------
                      00110     ; USUART Pins
                      00111     ;----------------------------------------------
  00000006            00112 USUART_TX_PIN EQU RC6 ; Pin used for TX of USUART
  00000007            00113 USUART_RX_PIN EQU RC7 ; Pin usef for RX of USUART
                      00114 
                      00115     ;</editor-fold>
                      00116 
                      00117     ;</editor-fold>
                      00118 ;=========================================================
                      00119 ;RESET VECTORS
                      00120 ;=========================================================
                      00121     ;<editor-fold defaultstate="collapsed" desc="RESET VECTORS">
                      00122 
                      00123     ORG 0x00
000000 EF?? F???      00124     GOTO SETUP ; GOTO the initial SETUP of the PIC
                      00125 
                      00126     ORG 0x08
000008 EF?? F???      00127     GOTO ISR ; GOTO Interrupt Service Routine
00000C EF?? F???      00128     GOTO MAIN ; Once the ISR is completed, return to MAIN
                      00129 
                      00130     ;</editor-fold>
                      00131 ;=========================================================
                      00132 ;SETUP BLOCK
                      00133 ;=========================================================
                      00134     ;<editor-fold defaultstate="collapsed" desc="SETUP BLOCK">
                      00135 
000010                00136 SETUP
                      00137     ;----------------------------------------------
                      00138     ;           OSCILLATOR SETUP
                      00139     ;----------------------------------------------
                      00140     ;<editor-fold defaultstate="collapsed" desc="OSCILLATOR SETUP">
                      00141 
                      00142     ; Setup 4 MHz Oscillator
000010 88D3           00143     BSF OSCCON,IRCF0
000012 9AD3           00144     BCF OSCCON,IRCF1
000014 8CD3           00145     BSF OSCCON,IRCF2
                      00146 
                      00147     ;</editor-fold>
MPASM 5.86                          MAIN.ASM   4-13-2020  12:08:35         PAGE  4
USUART Communication

LOC  OBJECT CODE     LINE SOURCE TEXT
  VALUE

                      00148 
                      00149     ;------------------------------------------------
                      00150     ;               INIT PORT A
                      00151     ;------------------------------------------------
                      00152     ;<editor-fold defaultstate="collapsed" desc="Initialize Port A">
                      00153 
000016 010F           00154     MOVLB 0xF           ; Set BSR for banked SFRs
000018 6A80           00155     CLRF PORTA          ; Initialize PORTA by clearing output data latches
00001A 6A89           00156     CLRF LATA           ; Alternate method to clear output data latches
00001C 6A92           00157     CLRF TRISA          ; clear bits for all pins
00001E 6B38           00158     CLRF ANSELA         ; clear bits for all pins
                      00159 
                      00160     ;</editor-fold>
                      00161     ;------------------------------------------------
                      00162     ;               INIT PORT B
                      00163     ;------------------------------------------------
                      00164     ;<editor-fold defaultstate="collapsed" desc="Initialize Port B">
                      00165 
000020 010F           00166     MOVLB 0xF           ; Set BSR for banked SFRs
000022 6A81           00167     CLRF PORTB          ; Initialize PORTB by clearing output data latches
000024 6A8A           00168     CLRF LATB           ; Alternate method to clear output data latches
000026 6A93           00169     CLRF TRISB          ; clear bits for all pins
000028 6B39           00170     CLRF ANSELB         ; clear bits for all pins
                      00171 
                      00172         ;</editor-fold>
                      00173     ;------------------------------------------------
                      00174     ;               INIT PORT C
                      00175     ;------------------------------------------------
                      00176     ;<editor-fold defaultstate="collapsed" desc="Initialize Port C">
                      00177 
00002A 010F           00178     MOVLB 0xF           ; Set BSR for banked SFRs
00002C 6A82           00179     CLRF PORTC          ; Initialize PORTC by clearing output data latches
00002E 6A8B           00180     CLRF LATC           ; Alternate method to clear output data latches
000030 6A94           00181     CLRF TRISC          ; clear bits for all pins
000032 6B3A           00182     CLRF ANSELC         ; clear bits for all pins
                      00183 
                      00184         ;</editor-fold>
                      00185     ;------------------------------------------------
                      00186     ;               INIT PORT D
                      00187     ;------------------------------------------------
                      00188     ;<editor-fold defaultstate="collapsed" desc="Initialize Port D">
                      00189 
000034 010F           00190     MOVLB 0xF           ; Set BSR for banked SFRs
000036 6A83           00191     CLRF PORTD          ; Initialize PORTD by clearing output data latches
000038 6A8C           00192     CLRF LATD           ; Alternate method to clear output data latches
00003A 6A95           00193     CLRF TRISD          ; clear bits for all pins
00003C 6B3B           00194     CLRF ANSELD         ; clear bits for all pins
                      00195 
                      00196     ;</editor-fold>
                      00197     ;------------------------------------------------
                      00198     ;               ENABLE PERIPHERAL INTERRUPTS
                      00199     ;------------------------------------------------
                      00200     ;<editor-fold defaultstate="collapsed" desc="Enable Periphiral Interrupts">
MPASM 5.86                          MAIN.ASM   4-13-2020  12:08:35         PAGE  5
USUART Communication

LOC  OBJECT CODE     LINE SOURCE TEXT
  VALUE

                      00201 
                      00202     ; Clear all
00003E 6AF2           00203     CLRF INTCON         ; Clear the INTCON register
                      00204 
000040 8CF2           00205     BSF INTCON,PEIE     ; Enable peripheral interrupts
000042 8EF2           00206     BSF INTCON,GIE      ; Enable global interrupts
000044 88F2           00207     BSF INTCON,INT0IE   ; Enable external interrupts
                      00208 
                      00209     ; Interrupts for USUART communication
000046 9A9E           00210     BCF PIR1, RC1IF     ; Clear USUART RX interrupt
000048 989E           00211     BCF PIR1, TX1IF     ; Clear USUART TX interrupt
00004A 9A9D           00212     BCF PIE1,RC1IE      ; Disable USUART RX interrupt
00004C 989D           00213     BCF PIE1,TX1IE      ; Disable USUART TX interrupt
                      00214 
                      00215     ;</editor-fold>
                      00216     ;------------------------------------------------
                      00217     ;               USUART SETUP
                      00218     ;------------------------------------------------
                      00219     ;<editor-fold defaultstate="collapsed" desc="USUART">
                      00220 
00004E 6A00           00221     CLRF    FSR0        ; Clear indirect addressing registers
                      00222 
000050 8AAC           00223     BSF TXSTA, TXEN     ; Enable transmission
000052 84AC           00224     BSF TXSTA, BRGH     ; Enable high baud rate select
                      00225 
000054 8EAB           00226     BSF RCSTA1, SPEN    ; Enable serial port
000056 88AB           00227     BSF RCSTA1, CREN    ; Enable continuous receive
                      00228 
                      00229     ; Setting the baud rate for USUART
000058 0E19           00230     MOVLW D'25' ; 9600 bps baud rate
00005A 6EAF           00231     MOVWF SPBRG1
00005C 6AB0           00232     CLRF SPBRGH1
00005E 96B8           00233     BCF BAUDCON1,BRG16
                      00234 
                      00235     ; For USUART RX and TX pins must be configured as inputs. The mode of the pins will automatically
                      00236     ; be controlled by the PIC
000060 8C94           00237     BSF TRISC,USUART_TX_PIN     ; Set TX pin as input
000062 8E94           00238     BSF TRISC,USUART_RX_PIN     ; Set RX pin as input
                      00239 
                      00240     ;</editor-fold>
                      00241 
                      00242     ;------------------------------------------------
                      00243     ; INITIALIZE VARIABLES
                      00244     ;------------------------------------------------
                      00245     ;<editor-fold defaultstate="collapsed" desc="INITIALIZE VARIABLES">
                      00246 
                      00247     ;<editor-fold defaultstate="collapsed" desc="USUART VARIABLES">
                      00248     ;------------------------------------------------
                      00249     ; USUART FLAGS
                      00250     ;------------------------------------------------
000064 8009           00251     BSF USUART_RX_ECHO_FLAG, 0  ; Enable or disable echo of received data
                      00252 
                      00253     ;------------------------------------------------
MPASM 5.86                          MAIN.ASM   4-13-2020  12:08:35         PAGE  6
USUART Communication

LOC  OBJECT CODE     LINE SOURCE TEXT
  VALUE

                      00254     ; USUART BUFFER
                      00255     ;------------------------------------------------
000066 0E08           00256     MOVLW 8h ; Store the value of 8h in WREG
000068 6E00           00257     MOVWF FSR0 ; Point FSR0 to the 8th address, the end of the USUART BUFFER
                      00258 
00006A 0E00           00259     MOVLW 0h ; MOV 0h to WREG in order to compare and skip the loop
                      00260 
00006C                00261 CLEAR_USUART_BUFFER ; Set all values in the USUART BUFFER
00006C 0E00           00262     MOVLW 0h ; Store value of 0 in WREG
00006E 6EED           00263     MOVWF POSTDEC0 ; Pre-decrement and MOV 0 to the INF0 register
                      00264 
000070 62EF           00265     CPFSEQ INDF0 ; Check if the address is the first addrss 0x00 in the CBLOCK
000072 EF?? F???      00266     GOTO CLEAR_USUART_BUFFER ; Loop if not at the 0th address
                      00267 
                      00268     ;</editor-fold>
                      00269 
                      00270     ;</editor-fold>
                      00271 
                      00272     ;</editor-fold>
                      00273 ;=========================================================
                      00274 ;MAIN
                      00275 ;=========================================================
                      00276     ;<editor-fold defaultstate="collapsed" desc="MAIN">
000076                00277 MAIN
000076 8EF2           00278     BSF INTCON, GIE     ; Enable Global interrupts
000078 8CF2           00279     BSF INTCON, PEIE    ; Enable Peripher interrupts
                      00280 
00007A 9A9E           00281     BCF PIR1, RC1IF     ; Clear USUART RX interrupts
00007C 8A9D           00282     BSF PIE1, RC1IE     ; Enable USUART RX interrupts
                      00283 
00007E 989E           00284     BCF PIR1, TX1IF     ; Clear USUART TX interrupts
000080 989D           00285     BCF PIE1, TX1IE     ; Disable USUART TX interrupts
                      00286 
000082 EF?? F???      00287     GOTO MAIN ; Loop MAIN
                      00288 
                      00289     ;</editor-fold>
                      00290 ;=========================================================
                      00291 ;DELAYS
                      00292 ;=========================================================
                      00293     ;<editor-fold defaultstate="collapsed" desc="DELAYS">
                      00294 
                      00295     ;<editor-fold defaultstate="collapsed" desc="DELAY">
000086                00296 delay1s
000086 0E0F           00297     MOVLW   0x0F
000088 6E0C           00298     MOVWF   delay3
00008A                00299 Go_off0
00008A 0EFF           00300     movlw       0xFF
00008C 6E0B           00301     movwf       delay2
00008E                00302 Go_off1
00008E 0EFF           00303     movlw       0xFF
000090 6E0A           00304     movwf       delay1
000092                00305 Go_off2
000092 2E0A           00306     decfsz      delay1,f
MPASM 5.86                          MAIN.ASM   4-13-2020  12:08:35         PAGE  7
USUART Communication

LOC  OBJECT CODE     LINE SOURCE TEXT
  VALUE

000094 EF?? F???      00307     goto        Go_off2
000098 2E0B           00308     decfsz      delay2,f
00009A EF?? F???      00309     goto        Go_off1
00009E 2E0C           00310     decfsz      delay3,f
0000A0 EF?? F???      00311     goto        Go_off0
0000A4 0012           00312     RETURN
                      00313 ;</editor-fold>
                      00314 
                      00315     ;</editor-fold>
                      00316 ;=========================================================
                      00317 ;USUART
                      00318 ;=========================================================
                      00319     ;<editor-fold defaultstate="collapsed" desc="USUART">
                      00320 
                      00321     ;<editor-fold defaultstate="collapsed" desc="USUART RECEIVE">
                      00322 
                      00323     ;------------------------------------------------
                      00324     ;USUART RECEIVE
                      00325     ;------------------------------------------------
0000A6                00326 USUART_RECEIVE
0000A6 9A9D           00327     BCF PIE1, RC1IE     ; Disable RX interrupts
                      00328 
0000A8 0E08           00329     MOVLW 8h ; Store the value of 8h in WREG
0000AA 6EE7           00330     MOVWF INDF1 ; Point the FSR1 to the 8th byte in the CBLOCK
                      00331 
0000AC 0E07           00332     MOVLW 7h ; Store the value of 7h in WREG
0000AE 6EEF           00333     MOVWF INDF0 ; Point the FSR0 to the 7th byte in the CBLOCK
                      00334 
0000B0 0E00           00335     MOVLW 0h ; MOV 0h to WREG to loop and skip
0000B2                00336 USUART_RX_SHIFT_REGISTER ; USUART RX shift register for RX history
0000B2 CFED FFE5      00337     MOVFF POSTDEC0, POSTDEC1
                      00338 
0000B6 62E7           00339     CPFSEQ INDF1 ; Compare with WREG, check if 0
0000B8 EF?? F???      00340     GOTO USUART_RX_SHIFT_REGISTER ; Loop if INDF1 not ZERO
                      00341 
0000BC 50AE           00342     MOVF RCREG1, W      ; Move received byte to WREG
0000BE 6EE7           00343     MOVWF INDF1 ; MOV the received data to the first byte in the USUART BUFFER
                      00344 
0000C0 A009           00345     BTFSS USUART_RX_ECHO_FLAG, 0    ; Check the echo flag
0000C2 EF?? F???      00346     GOTO USUART_RX_END
                      00347 
                      00348     ;------------------------------------------------
                      00349     ;USUART ECHO
                      00350     ;------------------------------------------------
0000C6                00351 USUART_RX_ECHO ; Echo the receive data
0000C6 EF?? F???      00352     GOTO USUART_TRANSMIT
                      00353 
                      00354     ;------------------------------------------------
                      00355     ;USUART RX END
                      00356     ;------------------------------------------------
0000CA                00357 USUART_RX_END ; End of the USUART_RECEIVE subroutine
0000CA 9A9E           00358     BCF PIR1, RC1IF     ; Clear RX interrupt
0000CC 8A9D           00359     BSF PIE1, RC1IE     ; Enable RX interrupt
MPASM 5.86                          MAIN.ASM   4-13-2020  12:08:35         PAGE  8
USUART Communication

LOC  OBJECT CODE     LINE SOURCE TEXT
  VALUE

0000CE 8EF2           00360     BSF INTCON, GIE     ; Enable Global interrupts
0000D0 8CF2           00361     BSF INTCON, PEIE    ; Enable Peripheral interrupts
0000D2 0010           00362     RETFIE
                      00363 
                      00364     ;</editor-fold>
                      00365 
                      00366     ;------------------------------------------------
                      00367     ;USUART_TRANSMIT
                      00368     ;------------------------------------------------
                      00369     ;<editor-fold defaultstate="collapsed" desc="USUART_TRANSMIT">
                      00370 
0000D4                00371 USUART_TRANSMIT ; Transmit byte currently in WREG
0000D4 9A9D           00372     BCF PIE1, RC1IE     ; Disable RX interrupts
0000D6 989E           00373     BCF PIR1, TX1IF     ; Clear TX interrupts
                      00374 
0000D8 6EAD           00375     MOVWF TXREG1 ; Move WREG byte to TX register
                      00376 
                      00377     ;------------------------------------------------
                      00378     ;USUART TX WAIT FOR TRANSMIT
                      00379     ;------------------------------------------------
0000DA                00380 WAIT_FOR_TRANSMIT           ; Wait for data to be sent
0000DA A2AC           00381     BTFSS TXSTA1, TRMT      ; Check if transmission is complete
0000DC EF?? F???      00382     GOTO WAIT_FOR_TRANSMIT  ; Loop until complete
                      00383 
0000E0 8A9D           00384     BSF PIE1, RC1IE     ; Enable RX interrupts
0000E2 989E           00385     BCF PIR1, TX1IF     ; Clear TX interrupts
0000E4 0010           00386     RETFIE
                      00387 
                      00388     ;</editor-fold>
                      00389 
                      00390     ;------------------------------------------------
                      00391     ;USUART ERROR HANDELING
                      00392     ;------------------------------------------------
                      00393      ;<editor-fold defaultstate="collapsed" desc="USUART_ERROR_HANDELING">
                      00394 
                      00395     ;------------------------------------------------
                      00396     ;USUART OVERRUN ERROR
                      00397     ;------------------------------------------------
0000E6                00398 ErrSerialOverr
0000E6 98AB           00399     BCF RCSTA1,CREN         ; Reset the receiver logic
0000E8 88AB           00400     BSF RCSTA1,CREN         ; Enable reception again
0000EA 8008           00401     BSF USUART_ERROR_FLAG,0 ; Set the error flag
0000EC 0012           00402     RETURN
                      00403 
                      00404     ;------------------------------------------------
                      00405     ;USUART FRAMING ERROR
                      00406     ;------------------------------------------------
0000EE                00407 ErrSerialFrame
0000EE 50AE           00408     MOVF RCREG1,W           ; Discard received data that has error
0000F0 8008           00409     BSF USUART_ERROR_FLAG,0 ; Set the error flag
0000F2 0012           00410     RETURN
                      00411 
                      00412     ;------------------------------------------------
MPASM 5.86                          MAIN.ASM   4-13-2020  12:08:35         PAGE  9
USUART Communication

LOC  OBJECT CODE     LINE SOURCE TEXT
  VALUE

                      00413     ;USUART NOTHING RECEIVED
                      00414     ;------------------------------------------------
0000F4                00415 EXIT_NO_RC
0000F4 6A08           00416     CLRF    USUART_ERROR_FLAG
0000F6 6AAE           00417     CLRF    RCREG1
0000F8 0010           00418     RETFIE
                      00419    ;</editor-fold>
                      00420 
                      00421     ;</editor-fold>
                      00422 ;=========================================================
                      00423 ;ISR
                      00424 ;=========================================================
                      00425     ;<editor-fold defaultstate="collapsed" desc="ISR">
                      00426 
0000FA                00427 ISR
                      00428     ;------------------------------------------------
                      00429     ;USUART RX
                      00430     ;------------------------------------------------
                      00431     ;<editor-fold defaultstate="collapsed" desc="USUART RX">
                      00432 
0000FA 9A9D           00433     BCF PIE1, RC1IE ; Disable RX interrupt
0000FC BA9E           00434     BTFSC PIR1, RC1IF ; Check if the RX interrupt is set
0000FE EC?? F???      00435     CALL USUART_RECEIVE ; If RX interupt is set, CALL USUART_RECEIVE
                      00436 
                      00437     ;</editor-fold>
                      00438 
                      00439     ;------------------------------------------------
                      00440     ;USUART TX
                      00441     ;------------------------------------------------
                      00442     ;<editor-fold defaultstate="collapsed" desc="USUART TX">
                      00443 
                      00444     ; Normally the TX interrupt (PIE1, TX1IE) is disabled and is rather polled
                      00445     ; when data is transfered to the TXREG1 register in order to transmit
                      00446     ; The reason for this is for when something goes wrong and transmission
                      00447     ; doesn't behave as expected. If the interrupt is enabled when this happens,
                      00448     ; unpredictable and unexpected behaviour may occur. This comment field serves
                      00449     ; only as a reference and remider for this design choice.
                      00450 
                      00451     ;</editor-fold>
                      00452 
                      00453     ;------------------------------------------------
                      00454     ;USUART RX Error handeling
                      00455     ;------------------------------------------------
                      00456     ;<editor-fold defaultstate="collapsed" desc="USUART RX ERROR">
                      00457 
                      00458     ;------------------------------------------------
                      00459     ;USUART OVERRUN ERROR
                      00460     ;------------------------------------------------
000102 B2AB           00461     BTFSC RCSTA1,OERR ; Check for overrun error
000104 D???           00462     BRA ErrSerialOverr ; Handle overrun error
                      00463 
                      00464     ;------------------------------------------------
                      00465     ;USUART FRAMING ERROR
MPASM 5.86                          MAIN.ASM   4-13-2020  12:08:35         PAGE 10
USUART Communication

LOC  OBJECT CODE     LINE SOURCE TEXT
  VALUE

                      00466     ;------------------------------------------------
000106 B4AB           00467     BTFSC RCSTA1,FERR ; Check for framing error
000108 D???           00468     BRA ErrSerialFrame ; Handle framing error
                      00469 
                      00470     ;------------------------------------------------
                      00471     ;USUART TEST FOR AN ERROR
                      00472     ;------------------------------------------------
00010A B008           00473     BTFSC USUART_ERROR_FLAG,0
00010C D???           00474     BRA EXIT_NO_RC
                      00475 
                      00476     ;</editor-fold>
                      00477 
00010E 0010           00478     RETFIE
                      00479 
                      00480     ;</editor-fold>
                      00481     END
MPASM 5.86                          MAIN.ASM   4-13-2020  12:08:35         PAGE 11
USUART Communication

SYMBOL TABLE
  LABEL                             VALUE 

A                                 00000000
ABDEN                             00000000
ABDOVF                            00000007
ACCESS                            00000000
ACKDT                             00000005
ACKEN                             00000004
ACKSTAT                           00000006
ACKTIM                            00000007
ACQT0                             00000003
ACQT1                             00000004
ACQT2                             00000005
ADCMD                             00000000
ADCON0                            00000FC2
ADCON1                            00000FC1
ADCON2                            00000FC0
ADCS0                             00000000
ADCS1                             00000001
ADCS2                             00000002
ADDEN                             00000003
ADDEN1                            00000003
ADDEN2                            00000003
ADEN                              00000003
ADFM                              00000007
ADIE                              00000006
ADIF                              00000006
ADIP                              00000006
ADON                              00000000
ADRES                             00000FC3
ADRESH                            00000FC4
ADRESL                            00000FC3
AHEN                              00000001
AN0                               00000000
AN1                               00000001
AN10                              00000001
AN11                              00000004
AN12                              00000000
AN13                              00000005
AN14                              00000002
AN15                              00000003
AN16                              00000004
AN17                              00000005
AN18                              00000006
AN19                              00000007
AN2                               00000002
AN20                              00000000
AN21                              00000001
AN22                              00000002
AN23                              00000003
AN24                              00000004
AN25                              00000005
AN26                              00000006
AN27                              00000007
AN3                               00000003
MPASM 5.86                          MAIN.ASM   4-13-2020  12:08:35         PAGE 12
USUART Communication

SYMBOL TABLE
  LABEL                             VALUE 

AN4                               00000005
AN5                               00000000
AN6                               00000001
AN7                               00000002
AN8                               00000002
AN9                               00000003
ANSA0                             00000000
ANSA1                             00000001
ANSA2                             00000002
ANSA3                             00000003
ANSA5                             00000005
ANSB0                             00000000
ANSB1                             00000001
ANSB2                             00000002
ANSB3                             00000003
ANSB4                             00000004
ANSB5                             00000005
ANSC2                             00000002
ANSC3                             00000003
ANSC4                             00000004
ANSC5                             00000005
ANSC6                             00000006
ANSC7                             00000007
ANSD0                             00000000
ANSD1                             00000001
ANSD2                             00000002
ANSD3                             00000003
ANSD4                             00000004
ANSD5                             00000005
ANSD6                             00000006
ANSD7                             00000007
ANSE0                             00000000
ANSE1                             00000001
ANSE2                             00000002
ANSELA                            00000F38
ANSELB                            00000F39
ANSELC                            00000F3A
ANSELD                            00000F3B
ANSELE                            00000F3C
BANKED                            00000001
BAUD1CON                          00000FB8
BAUD2CON                          00000F70
BAUDCON                           00000FB8
BAUDCON1                          00000FB8
BAUDCON2                          00000F70
BAUDCTL                           00000FB8
BCL1IE                            00000003
BCL1IF                            00000003
BCL1IP                            00000003
BCL2IE                            00000006
BCL2IF                            00000006
BCL2IP                            00000006
BCLIE                             00000003
MPASM 5.86                          MAIN.ASM   4-13-2020  12:08:35         PAGE 13
USUART Communication

SYMBOL TABLE
  LABEL                             VALUE 

BCLIF                             00000003
BCLIP                             00000003
BF                                00000000
BGST                              00000005
BGVST                             00000006
BOEN                              00000004
BOR                               00000000
BRG16                             00000003
BRGH                              00000002
BRGH1                             00000002
BRGH2                             00000002
BSR                               00000FE0
C                                 00000000
C12IN0M                           00000000
C12IN0N                           00000000
C12IN1M                           00000001
C12IN1N                           00000001
C12IN2M                           00000003
C12IN2N                           00000003
C12IN3M                           00000001
C12IN3N                           00000001
C1CH0                             00000000
C1CH1                             00000001
C1HYS                             00000003
C1IE                              00000006
C1IF                              00000006
C1INP                             00000003
C1IP                              00000006
C1OE                              00000005
C1ON                              00000007
C1OUT_CM1CON                      00000006
C1OUT_CM1CON0                     00000006
C1OUT_PORTA                       00000004
C1POL                             00000004
C1R                               00000002
C1RSEL                            00000005
C1SP                              00000003
C1SYNC                            00000001
C1TSEL0                           00000000
C1TSEL1                           00000001
C2CH0                             00000000
C2CH1                             00000001
C2HYS                             00000002
C2IE                              00000005
C2IF                              00000005
C2INP                             00000002
C2IP                              00000005
C2OE                              00000005
C2ON                              00000007
C2OUT_CM2CON                      00000006
C2OUT_CM2CON0                     00000006
C2OUT_PORTA                       00000005
C2POL                             00000004
MPASM 5.86                          MAIN.ASM   4-13-2020  12:08:35         PAGE 14
USUART Communication

SYMBOL TABLE
  LABEL                             VALUE 

C2R                               00000002
C2RSEL                            00000004
C2SP                              00000003
C2SYNC                            00000000
C2TSEL0                           00000003
C2TSEL1                           00000004
C3TSEL0                           00000006
C3TSEL1                           00000007
C4TSEL0                           00000000
C4TSEL1                           00000001
C5TSEL0                           00000002
C5TSEL1                           00000003
CCP1                              00000002
CCP1AS0                           00000004
CCP1AS1                           00000005
CCP1AS2                           00000006
CCP1ASE                           00000007
CCP1CON                           00000FBD
CCP1IE                            00000002
CCP1IF                            00000002
CCP1IP                            00000002
CCP1M0                            00000000
CCP1M1                            00000001
CCP1M2                            00000002
CCP1M3                            00000003
CCP1MD                            00000000
CCP2AS                            00000F64
CCP2AS0                           00000004
CCP2AS1                           00000005
CCP2AS2                           00000006
CCP2ASE                           00000007
CCP2CON                           00000F66
CCP2IE                            00000000
CCP2IF                            00000000
CCP2IP                            00000000
CCP2M0                            00000000
CCP2M1                            00000001
CCP2M2                            00000002
CCP2M3                            00000003
CCP2MD                            00000001
CCP2_PORTB                        00000003
CCP2_PORTC                        00000001
CCP3AS                            00000F5B
CCP3AS0                           00000004
CCP3AS1                           00000005
CCP3AS2                           00000006
CCP3ASE                           00000007
CCP3CON                           00000F5D
CCP3IE                            00000000
CCP3IF                            00000000
CCP3IP                            00000000
CCP3M0                            00000000
CCP3M1                            00000001
MPASM 5.86                          MAIN.ASM   4-13-2020  12:08:35         PAGE 15
USUART Communication

SYMBOL TABLE
  LABEL                             VALUE 

CCP3M2                            00000002
CCP3M3                            00000003
CCP3MD                            00000002
CCP3_PORTB                        00000005
CCP3_PORTE                        00000000
CCP4                              00000001
CCP4CON                           00000F57
CCP4IE                            00000001
CCP4IF                            00000001
CCP4IP                            00000001
CCP4M0                            00000000
CCP4M1                            00000001
CCP4M2                            00000002
CCP4M3                            00000003
CCP4MD                            00000003
CCP5                              00000002
CCP5CON                           00000F54
CCP5IE                            00000002
CCP5IF                            00000002
CCP5IP                            00000002
CCP5M0                            00000000
CCP5M1                            00000001
CCP5M2                            00000002
CCP5M3                            00000003
CCP5MD                            00000004
CCPR1                             00000FBE
CCPR1H                            00000FBF
CCPR1L                            00000FBE
CCPR2                             00000F67
CCPR2H                            00000F68
CCPR2L                            00000F67
CCPR3                             00000F5E
CCPR3H                            00000F5F
CCPR3L                            00000F5E
CCPR4                             00000F58
CCPR4H                            00000F59
CCPR4L                            00000F58
CCPR5                             00000F55
CCPR5H                            00000F56
CCPR5L                            00000F55
CCPTMRS0                          00000F49
CCPTMRS1                          00000F48
CFGS                              00000006
CHS0                              00000002
CHS1                              00000003
CHS2                              00000004
CHS3                              00000005
CHS4                              00000006
CK                                00000006
CK1                               00000006
CK2                               00000006
CKE                               00000006
CKP                               00000004
MPASM 5.86                          MAIN.ASM   4-13-2020  12:08:35         PAGE 16
USUART Communication

SYMBOL TABLE
  LABEL                             VALUE 

CKTXP                             00000004
CLEAR_USUART_BUFFER               0000006C
CM12CON                           00000F77
CM1CON                            00000F79
CM1CON0                           00000F79
CM2CON                            00000F78
CM2CON0                           00000F78
CM2CON1                           00000F77
CMP1MD                            00000001
CMP2MD                            00000002
CREN                              00000004
CREN1                             00000004
CREN2                             00000004
CSRC                              00000007
CSRC1                             00000007
CSRC2                             00000007
CTED1                             00000002
CTED2                             00000003
CTMUCON0                          00000F45
CTMUCON1                          00000F44
CTMUCONH                          00000F45
CTMUCONL                          00000F44
CTMUEN                            00000007
CTMUICON                          00000F43
CTMUICONH                         00000F43
CTMUIE                            00000003
CTMUIF                            00000003
CTMUIP                            00000003
CTMUMD                            00000003
CTMUSIDL                          00000005
CTPLS                             00000002
CTTRIG                            00000000
CVREF                             00000002
D                                 00000005
DACCON0                           00000F41
DACCON1                           00000F40
DACEN                             00000007
DACLPS                            00000006
DACNSS                            00000000
DACOE                             00000005
DACOUT                            00000002
DACPSS0                           00000002
DACPSS1                           00000003
DACR0                             00000000
DACR1                             00000001
DACR2                             00000002
DACR3                             00000003
DACR4                             00000004
DC                                00000001
DC1B0                             00000004
DC1B1                             00000005
DC2B0                             00000004
DC2B1                             00000005
MPASM 5.86                          MAIN.ASM   4-13-2020  12:08:35         PAGE 17
USUART Communication

SYMBOL TABLE
  LABEL                             VALUE 

DC3B0                             00000004
DC3B1                             00000005
DC4B0                             00000004
DC4B1                             00000005
DC5B0                             00000004
DC5B1                             00000005
DDRA                              TRISA
DDRB                              TRISB
DDRC                              TRISC
DDRD                              TRISD
DDRE                              TRISE
DHEN                              00000000
DONE                              00000001
DT1                               00000007
DT2                               00000007
DTRXP                             00000005
D_A                               00000005
D_NOT_A                           00000005
ECCP1AS                           00000FB6
ECCP2AS                           00000F64
ECCP3AS                           00000F5B
ECCPAS                            00000FB6
ECCPAS0                           00000004
ECCPAS1                           00000005
ECCPAS2                           00000006
ECCPASE                           00000007
EDG1POL                           00000004
EDG1SEL0                          00000002
EDG1SEL1                          00000003
EDG1STAT                          00000000
EDG2POL                           00000007
EDG2SEL0                          00000005
EDG2SEL1                          00000006
EDG2STAT                          00000001
EDGEN                             00000003
EDGSEQEN                          00000002
EEADR                             00000FA9
EEADR0                            00000000
EEADR1                            00000001
EEADR2                            00000002
EEADR3                            00000003
EEADR4                            00000004
EEADR5                            00000005
EEADR6                            00000006
EEADR7                            00000007
EECON1                            00000FA6
EECON2                            00000FA7
EEDATA                            00000FA8
EEIE                              00000004
EEIF                              00000004
EEIP                              00000004
EEPGD                             00000007
EXIT_NO_RC                        000000F4
MPASM 5.86                          MAIN.ASM   4-13-2020  12:08:35         PAGE 18
USUART Communication

SYMBOL TABLE
  LABEL                             VALUE 

ErrSerialFrame                    000000EE
ErrSerialOverr                    000000E6
FAST                              00000001
FERR                              00000002
FERR1                             00000002
FERR2                             00000002
FLT0                              00000000
FREE                              00000004
FSR0                              00000000
FSR0H                             00000FEA
FSR0L                             00000FE9
FSR1                              00000001
FSR1H                             00000FE2
FSR1L                             00000FE1
FSR2                              00000002
FSR2H                             00000FDA
FSR2L                             00000FD9
FVRCON                            00000F42
FVREN                             00000007
FVRS0                             00000004
FVRS1                             00000005
FVRST                             00000006
GCEN                              00000007
GIE                               00000007
GIEH                              00000007
GIEL                              00000006
GIE_GIEH                          00000007
GO                                00000001
GO_DONE                           00000001
GO_NOT_DONE                       00000001
Go_off0                           0000008A
Go_off1                           0000008E
Go_off2                           00000092
HFIOFS                            00000002
HLVDCON                           00000F9C
HLVDEN                            00000004
HLVDIE                            00000002
HLVDIF                            00000002
HLVDIN                            00000005
HLVDIP                            00000002
HLVDL0                            00000000
HLVDL1                            00000001
HLVDL2                            00000002
HLVDL3                            00000003
IDISSEN                           00000001
IDLEN                             00000007
INDF0                             00000FEF
INDF1                             00000FE7
INDF2                             00000FDF
INT0                              00000000
INT0E                             00000004
INT0F                             00000001
INT0IE                            00000004
MPASM 5.86                          MAIN.ASM   4-13-2020  12:08:35         PAGE 19
USUART Communication

SYMBOL TABLE
  LABEL                             VALUE 

INT0IF                            00000001
INT1                              00000001
INT1E                             00000003
INT1F                             00000000
INT1IE                            00000003
INT1IF                            00000000
INT1IP                            00000006
INT1P                             00000006
INT2                              00000002
INT2E                             00000004
INT2F                             00000001
INT2IE                            00000004
INT2IF                            00000001
INT2IP                            00000007
INT2P                             00000007
INTCON                            00000FF2
INTCON2                           00000FF1
INTCON3                           00000FF0
INTEDG0                           00000006
INTEDG1                           00000005
INTEDG2                           00000004
INTSRC                            00000007
IOCB                              00000F62
IOCB4                             00000004
IOCB5                             00000005
IOCB6                             00000006
IOCB7                             00000007
IOFS                              00000002
IPEN                              00000007
IPR1                              00000F9F
IPR2                              00000FA2
IPR3                              00000FA5
IPR4                              00000F7C
IPR5                              00000F7F
IRCF0                             00000004
IRCF1                             00000005
IRCF2                             00000006
IRNG0                             00000000
IRNG1                             00000001
IRVST                             00000005
ISR                               000000FA
ITRIM0                            00000002
ITRIM1                            00000003
ITRIM2                            00000004
ITRIM3                            00000005
ITRIM4                            00000006
ITRIM5                            00000007
IVRST                             00000005
KBI0                              00000004
KBI1                              00000005
KBI2                              00000006
KBI3                              00000007
LATA                              00000F89
MPASM 5.86                          MAIN.ASM   4-13-2020  12:08:35         PAGE 20
USUART Communication

SYMBOL TABLE
  LABEL                             VALUE 

LATA0                             00000000
LATA1                             00000001
LATA2                             00000002
LATA3                             00000003
LATA4                             00000004
LATA5                             00000005
LATA6                             00000006
LATA7                             00000007
LATB                              00000F8A
LATB0                             00000000
LATB1                             00000001
LATB2                             00000002
LATB3                             00000003
LATB4                             00000004
LATB5                             00000005
LATB6                             00000006
LATB7                             00000007
LATC                              00000F8B
LATC0                             00000000
LATC1                             00000001
LATC2                             00000002
LATC3                             00000003
LATC4                             00000004
LATC5                             00000005
LATC6                             00000006
LATC7                             00000007
LATD                              00000F8C
LATD0                             00000000
LATD1                             00000001
LATD2                             00000002
LATD3                             00000003
LATD4                             00000004
LATD5                             00000005
LATD6                             00000006
LATD7                             00000007
LATE                              00000F8D
LATE0                             00000000
LATE1                             00000001
LATE2                             00000002
LFIOFS                            00000000
LVDCON                            00000F9C
LVDEN                             00000004
LVDIE                             00000002
LVDIF                             00000002
LVDIN                             00000005
LVDIP                             00000002
LVDL0                             00000000
LVDL1                             00000001
LVDL2                             00000002
LVDL3                             00000003
LVV0                              00000000
LVV1                              00000001
LVV2                              00000002
MPASM 5.86                          MAIN.ASM   4-13-2020  12:08:35         PAGE 21
USUART Communication

SYMBOL TABLE
  LABEL                             VALUE 

LVV3                              00000003
MAIN                              00000076
MC1OUT                            00000007
MC2OUT                            00000006
MCLR                              00000003
MFIOFS                            00000001
MFIOSEL                           00000004
MSK0                              00000000
MSK1                              00000001
MSK2                              00000002
MSK3                              00000003
MSK4                              00000004
MSK5                              00000005
MSK6                              00000006
MSK7                              00000007
MSSP1MD                           00000006
MSSP2MD                           00000007
N                                 00000004
NOT_A                             00000005
NOT_ADDRESS                       00000005
NOT_BOR                           00000000
NOT_DONE                          00000001
NOT_MCLR                          00000003
NOT_PD                            00000002
NOT_POR                           00000001
NOT_RBPU                          00000007
NOT_RI                            00000004
NOT_SS                            00000005
NOT_SS1                           00000005
NOT_SS2                           00000003
NOT_T1SYNC                        00000002
NOT_T3SYNC                        00000002
NOT_T5SYNC                        00000002
NOT_TO                            00000003
NOT_W                             00000002
NOT_WRITE                         00000002
NVCFG0                            00000000
NVCFG1                            00000001
OERR                              00000001
OERR1                             00000001
OERR2                             00000001
OSCCON                            00000FD3
OSCCON2                           00000FD2
OSCFIE                            00000007
OSCFIF                            00000007
OSCFIP                            00000007
OSCTUNE                           00000F9B
OSTS                              00000003
OV                                00000003
P                                 00000004
P1A                               00000002
P1B                               00000005
P1C                               00000006
MPASM 5.86                          MAIN.ASM   4-13-2020  12:08:35         PAGE 22
USUART Communication

SYMBOL TABLE
  LABEL                             VALUE 

P1D                               00000007
P1DC0                             00000000
P1DC1                             00000001
P1DC2                             00000002
P1DC3                             00000003
P1DC4                             00000004
P1DC5                             00000005
P1DC6                             00000006
P1M0                              00000006
P1M1                              00000007
P1RSEN                            00000007
P1SSAC0                           00000002
P1SSAC1                           00000003
P1SSBD0                           00000000
P1SSBD1                           00000001
P2A_PORTB                         00000003
P2A_PORTC                         00000001
P2B_PORTC                         00000000
P2B_PORTD                         00000002
P2C                               00000003
P2D                               00000004
P2DC0                             00000000
P2DC1                             00000001
P2DC2                             00000002
P2DC3                             00000003
P2DC4                             00000004
P2DC5                             00000005
P2DC6                             00000006
P2M0                              00000006
P2M1                              00000007
P2RSEN                            00000007
P2SSAC0                           00000002
P2SSAC1                           00000003
P2SSBD0                           00000000
P2SSBD1                           00000001
P3A_PORTB                         00000005
P3A_PORTE                         00000000
P3B                               00000001
P3DC0                             00000000
P3DC1                             00000001
P3DC2                             00000002
P3DC3                             00000003
P3DC4                             00000004
P3DC5                             00000005
P3DC6                             00000006
P3M0                              00000006
P3M1                              00000007
P3RSEN                            00000007
P3SSAC0                           00000002
P3SSAC1                           00000003
P3SSBD0                           00000000
P3SSBD1                           00000001
PC                                00000FF9
MPASM 5.86                          MAIN.ASM   4-13-2020  12:08:35         PAGE 23
USUART Communication

SYMBOL TABLE
  LABEL                             VALUE 

PCIE                              00000006
PCL                               00000FF9
PCLATH                            00000FFA
PCLATU                            00000FFB
PD                                00000002
PDC0                              00000000
PDC1                              00000001
PDC2                              00000002
PDC3                              00000003
PDC4                              00000004
PDC5                              00000005
PDC6                              00000006
PEIE                              00000006
PEIE_GIEL                         00000006
PEN                               00000002
PGC                               00000006
PGD                               00000007
PIE1                              00000F9D
PIE2                              00000FA0
PIE3                              00000FA3
PIE4                              00000F7A
PIE5                              00000F7D
PIR1                              00000F9E
PIR2                              00000FA1
PIR3                              00000FA4
PIR4                              00000F7B
PIR5                              00000F7E
PLLEN                             00000006
PLLRDY                            00000007
PLUSW0                            00000FEB
PLUSW1                            00000FE3
PLUSW2                            00000FDB
PMD0                              00000F3F
PMD1                              00000F3E
PMD2                              00000F3D
POR                               00000001
PORTA                             00000F80
PORTB                             00000F81
PORTC                             00000F82
PORTD                             00000F83
PORTE                             00000F84
POSTDEC0                          00000FED
POSTDEC1                          00000FE5
POSTDEC2                          00000FDD
POSTINC0                          00000FEE
POSTINC1                          00000FE6
POSTINC2                          00000FDE
PR2                               00000FBB
PR4                               00000F52
PR6                               00000F4B
PREINC0                           00000FEC
PREINC1                           00000FE4
PREINC2                           00000FDC
MPASM 5.86                          MAIN.ASM   4-13-2020  12:08:35         PAGE 24
USUART Communication

SYMBOL TABLE
  LABEL                             VALUE 

PRISD                             00000002
PROD                              00000FF3
PRODH                             00000FF4
PRODL                             00000FF3
PRSEN                             00000007
PSA                               00000003
PSS1AC0                           00000002
PSS1AC1                           00000003
PSS1BD0                           00000000
PSS1BD1                           00000001
PSS2AC0                           00000002
PSS2AC1                           00000003
PSS2BD0                           00000000
PSS2BD1                           00000001
PSS3AC0                           00000002
PSS3AC1                           00000003
PSS3BD0                           00000000
PSS3BD1                           00000001
PSSAC0                            00000002
PSSAC1                            00000003
PSSBD0                            00000000
PSSBD1                            00000001
PSTR1CON                          00000FB9
PSTR2CON                          00000F63
PSTR3CON                          00000F5A
PSTRCON                           00000FB9
PVCFG0                            00000002
PVCFG1                            00000003
PWM1CON                           00000FB7
PWM2CON                           00000F65
PWM3CON                           00000F5C
PWMCON                            00000FB7
R                                 00000002
RA0                               00000000
RA1                               00000001
RA2                               00000002
RA3                               00000003
RA4                               00000004
RA5                               00000005
RA6                               00000006
RA7                               00000007
RB0                               00000000
RB1                               00000001
RB2                               00000002
RB3                               00000003
RB4                               00000004
RB5                               00000005
RB6                               00000006
RB7                               00000007
RBIE                              00000003
RBIF                              00000000
RBIP                              00000000
RBPU                              00000007
MPASM 5.86                          MAIN.ASM   4-13-2020  12:08:35         PAGE 25
USUART Communication

SYMBOL TABLE
  LABEL                             VALUE 

RC0                               00000000
RC1                               00000001
RC1IE                             00000005
RC1IF                             00000005
RC1IP                             00000005
RC1REG                            00000FAE
RC1STA                            00000FAB
RC2                               00000002
RC2IE                             00000005
RC2IF                             00000005
RC2IP                             00000005
RC2REG                            00000F74
RC2STA                            00000F71
RC3                               00000003
RC4                               00000004
RC5                               00000005
RC6                               00000006
RC7                               00000007
RCEN                              00000003
RCIDL                             00000006
RCIE                              00000005
RCIF                              00000005
RCIP                              00000005
RCON                              00000FD0
RCREG                             00000FAE
RCREG1                            00000FAE
RCREG2                            00000F74
RCSTA                             00000FAB
RCSTA1                            00000FAB
RCSTA2                            00000F71
RD                                00000000
RD0                               00000000
RD1                               00000001
RD16                              00000001
RD2                               00000002
RD3                               00000003
RD4                               00000004
RD5                               00000005
RD6                               00000006
RD7                               00000007
RE0                               00000000
RE1                               00000001
RE2                               00000002
RE3                               00000003
RI                                00000004
RSEN                              00000001
RX                                00000007
RX1                               00000007
RX2                               00000007
RX9                               00000006
RX91                              00000006
RX92                              00000006
RX9D                              00000000
MPASM 5.86                          MAIN.ASM   4-13-2020  12:08:35         PAGE 26
USUART Communication

SYMBOL TABLE
  LABEL                             VALUE 

RX9D1                             00000000
RX9D2                             00000000
R_NOT_W                           00000002
R_W                               00000002
S                                 00000003
SBCDE                             00000002
SBOREN                            00000006
SCIE                              00000005
SCK                               00000003
SCK1                              00000003
SCK2                              00000000
SCKP                              00000004
SCL                               00000003
SCL1                              00000003
SCL2                              00000000
SCS0                              00000000
SCS1                              00000001
SDA                               00000004
SDA1                              00000004
SDA2                              00000001
SDAHT                             00000003
SDI                               00000004
SDI1                              00000004
SDI2                              00000001
SDO                               00000005
SDO1                              00000005
SDO2                              00000004
SEN                               00000000
SENDB                             00000003
SENDB1                            00000003
SENDB2                            00000003
SETUP                             00000010
SLRA                              00000000
SLRB                              00000001
SLRC                              00000002
SLRCON                            00000F60
SLRD                              00000003
SLRE                              00000004
SMP                               00000007
SOSCGO                            00000003
SOSCRUN                           00000006
SP0                               00000000
SP1                               00000001
SP1BRG                            00000FAF
SP1BRGH                           00000FB0
SP2                               00000002
SP2BRG                            00000F75
SP2BRGH                           00000F76
SP3                               00000003
SP4                               00000004
SPBRG                             00000FAF
SPBRG1                            00000FAF
SPBRG2                            00000F75
MPASM 5.86                          MAIN.ASM   4-13-2020  12:08:35         PAGE 27
USUART Communication

SYMBOL TABLE
  LABEL                             VALUE 

SPBRGH                            00000FB0
SPBRGH1                           00000FB0
SPBRGH2                           00000F76
SPEN                              00000007
SPEN1                             00000007
SPEN2                             00000007
SRCLK0                            00000004
SRCLK1                            00000005
SRCLK2                            00000006
SRCON0                            00000F47
SRCON1                            00000F46
SREN                              00000005
SREN1                             00000005
SREN2                             00000005
SRI                               00000000
SRLEN                             00000007
SRNQ                              00000005
SRNQEN                            00000002
SRPR                              00000000
SRPS                              00000001
SRQ                               00000004
SRQEN                             00000003
SRRC1E                            00000000
SRRC2E                            00000001
SRRCKE                            00000002
SRRPE                             00000003
SRSC1E                            00000004
SRSC2E                            00000005
SRSCKE                            00000006
SRSPE                             00000007
SS                                00000005
SS1                               00000005
SS2                               00000003
SSP1ADD                           00000FC8
SSP1BUF                           00000FC9
SSP1CON1                          00000FC6
SSP1CON2                          00000FC5
SSP1CON3                          00000FCB
SSP1IE                            00000003
SSP1IF                            00000003
SSP1IP                            00000003
SSP1MSK                           00000FCA
SSP1STAT                          00000FC7
SSP2ADD                           00000F6E
SSP2BUF                           00000F6F
SSP2CON1                          00000F6C
SSP2CON2                          00000F6B
SSP2CON3                          00000F69
SSP2IE                            00000007
SSP2IF                            00000007
SSP2IP                            00000007
SSP2MSK                           00000F6A
SSP2STAT                          00000F6D
MPASM 5.86                          MAIN.ASM   4-13-2020  12:08:35         PAGE 28
USUART Communication

SYMBOL TABLE
  LABEL                             VALUE 

SSPADD                            00000FC8
SSPBUF                            00000FC9
SSPCON1                           00000FC6
SSPCON2                           00000FC5
SSPCON3                           00000FCB
SSPEN                             00000005
SSPIE                             00000003
SSPIF                             00000003
SSPIP                             00000003
SSPM0                             00000000
SSPM1                             00000001
SSPM2                             00000002
SSPM3                             00000003
SSPMSK                            00000FCA
SSPOV                             00000006
SSPSTAT                           00000FC7
STATUS                            00000FD8
STKFUL                            00000007
STKOVF                            00000007
STKPTR                            00000FFC
STKPTR0                           00000000
STKPTR1                           00000001
STKPTR2                           00000002
STKPTR3                           00000003
STKPTR4                           00000004
STKUNF                            00000006
STR1A                             00000000
STR1B                             00000001
STR1C                             00000002
STR1D                             00000003
STR1SYNC                          00000004
STR2A                             00000000
STR2B                             00000001
STR2C                             00000002
STR2D                             00000003
STR2SYNC                          00000004
STR3A                             00000000
STR3B                             00000001
STR3C                             00000002
STR3D                             00000003
STR3SYNC                          00000004
SWDTE                             00000000
SWDTEN                            00000000
SYNC                              00000004
SYNC1                             00000004
SYNC2                             00000004
T08BIT                            00000006
T0CKI                             00000004
T0CON                             00000FD5
T0CS                              00000005
T0IE                              00000005
T0IF                              00000002
T0PS0                             00000000
MPASM 5.86                          MAIN.ASM   4-13-2020  12:08:35         PAGE 29
USUART Communication

SYMBOL TABLE
  LABEL                             VALUE 

T0PS1                             00000001
T0PS2                             00000002
T0SE                              00000004
T1CKI                             00000000
T1CKPS0                           00000004
T1CKPS1                           00000005
T1CON                             00000FCD
T1G                               00000005
T1GCON                            00000FCC
T1GGO                             00000003
T1GGO_NOT_DONE                    00000003
T1GPOL                            00000006
T1GSPM                            00000004
T1GSS0                            00000000
T1GSS1                            00000001
T1GTM                             00000005
T1GVAL                            00000002
T1G_DONE                          00000003
T1OSCEN                           00000003
T1OSI                             00000001
T1OSO                             00000000
T1RD16                            00000001
T1SOSCEN                          00000003
T1SYNC                            00000002
T2CKPS0                           00000000
T2CKPS1                           00000001
T2CON                             00000FBA
T2OUTPS0                          00000003
T2OUTPS1                          00000004
T2OUTPS2                          00000005
T2OUTPS3                          00000006
T3CKI_PORTB                       00000005
T3CKI_PORTC                       00000000
T3CKPS0                           00000004
T3CKPS1                           00000005
T3CON                             00000FB1
T3G                               00000000
T3GCON                            00000FB4
T3GGO                             00000003
T3GGO_NOT_DONE                    00000003
T3GPOL                            00000006
T3GSPM                            00000004
T3GSS0                            00000000
T3GSS1                            00000001
T3GTM                             00000005
T3GVAL                            00000002
T3G_DONE                          00000003
T3OSCEN                           00000003
T3RD16                            00000001
T3SOSCEN                          00000003
T4CKPS0                           00000000
T4CKPS1                           00000001
T4CON                             00000F51
MPASM 5.86                          MAIN.ASM   4-13-2020  12:08:35         PAGE 30
USUART Communication

SYMBOL TABLE
  LABEL                             VALUE 

T4OUTPS0                          00000003
T4OUTPS1                          00000004
T4OUTPS2                          00000005
T4OUTPS3                          00000006
T5CKI                             00000002
T5CKPS0                           00000004
T5CKPS1                           00000005
T5CON                             00000F4E
T5G                               00000004
T5GCON                            00000F4D
T5GGO                             00000003
T5GGO_NOT_DONE                    00000003
T5GPOL                            00000006
T5GSPM                            00000004
T5GSS0                            00000000
T5GSS1                            00000001
T5GTM                             00000005
T5GVAL                            00000002
T5G_DONE                          00000003
T5RD16                            00000001
T5SOSCEN                          00000003
T5SYNC                            00000002
T6CKPS0                           00000000
T6CKPS1                           00000001
T6CON                             00000F4A
T6OUTPS0                          00000003
T6OUTPS1                          00000004
T6OUTPS2                          00000005
T6OUTPS3                          00000006
TABLAT                            00000FF5
TBLPTR                            00000FF6
TBLPTRH                           00000FF7
TBLPTRL                           00000FF6
TBLPTRU                           00000FF8
TGEN                              00000004
TMR0                              00000FD6
TMR0H                             00000FD7
TMR0IE                            00000005
TMR0IF                            00000002
TMR0IP                            00000002
TMR0L                             00000FD6
TMR0ON                            00000007
TMR1                              00000FCE
TMR1CS0                           00000006
TMR1CS1                           00000007
TMR1GE                            00000007
TMR1GIE                           00000000
TMR1GIF                           00000000
TMR1GIP                           00000000
TMR1H                             00000FCF
TMR1IE                            00000000
TMR1IF                            00000000
TMR1IP                            00000000
MPASM 5.86                          MAIN.ASM   4-13-2020  12:08:35         PAGE 31
USUART Communication

SYMBOL TABLE
  LABEL                             VALUE 

TMR1L                             00000FCE
TMR1MD                            00000000
TMR1ON                            00000000
TMR2                              00000FBC
TMR2IE                            00000001
TMR2IF                            00000001
TMR2IP                            00000001
TMR2MD                            00000001
TMR2ON                            00000002
TMR3                              00000FB2
TMR3CS0                           00000006
TMR3CS1                           00000007
TMR3GE                            00000007
TMR3GIE                           00000001
TMR3GIF                           00000001
TMR3GIP                           00000001
TMR3H                             00000FB3
TMR3IE                            00000001
TMR3IF                            00000001
TMR3IP                            00000001
TMR3L                             00000FB2
TMR3MD                            00000002
TMR3ON                            00000000
TMR4                              00000F53
TMR4IE                            00000000
TMR4IF                            00000000
TMR4IP                            00000000
TMR4MD                            00000003
TMR4ON                            00000002
TMR5                              00000F4F
TMR5CS0                           00000006
TMR5CS1                           00000007
TMR5GE                            00000007
TMR5GIE                           00000002
TMR5GIF                           00000002
TMR5GIP                           00000002
TMR5H                             00000F50
TMR5IE                            00000001
TMR5IF                            00000001
TMR5IP                            00000001
TMR5L                             00000F4F
TMR5MD                            00000004
TMR5ON                            00000000
TMR6                              00000F4C
TMR6IE                            00000002
TMR6IF                            00000002
TMR6IP                            00000002
TMR6MD                            00000005
TMR6ON                            00000002
TO                                00000003
TOS                               00000FFD
TOSH                              00000FFE
TOSL                              00000FFD
MPASM 5.86                          MAIN.ASM   4-13-2020  12:08:35         PAGE 32
USUART Communication

SYMBOL TABLE
  LABEL                             VALUE 

TOSU                              00000FFF
TRIGSEL                           00000007
TRISA                             00000F92
TRISA0                            00000000
TRISA1                            00000001
TRISA2                            00000002
TRISA3                            00000003
TRISA4                            00000004
TRISA5                            00000005
TRISA6                            00000006
TRISA7                            00000007
TRISB                             00000F93
TRISB0                            00000000
TRISB1                            00000001
TRISB2                            00000002
TRISB3                            00000003
TRISB4                            00000004
TRISB5                            00000005
TRISB6                            00000006
TRISB7                            00000007
TRISC                             00000F94
TRISC0                            00000000
TRISC1                            00000001
TRISC2                            00000002
TRISC3                            00000003
TRISC4                            00000004
TRISC5                            00000005
TRISC6                            00000006
TRISC7                            00000007
TRISD                             00000F95
TRISD0                            00000000
TRISD1                            00000001
TRISD2                            00000002
TRISD3                            00000003
TRISD4                            00000004
TRISD5                            00000005
TRISD6                            00000006
TRISD7                            00000007
TRISE                             00000F96
TRISE0                            00000000
TRISE1                            00000001
TRISE2                            00000002
TRMT                              00000001
TRMT1                             00000001
TRMT2                             00000001
TUN0                              00000000
TUN1                              00000001
TUN2                              00000002
TUN3                              00000003
TUN4                              00000004
TUN5                              00000005
TX                                00000006
TX1                               00000006
MPASM 5.86                          MAIN.ASM   4-13-2020  12:08:35         PAGE 33
USUART Communication

SYMBOL TABLE
  LABEL                             VALUE 

TX1IE                             00000004
TX1IF                             00000004
TX1IP                             00000004
TX1REG                            00000FAD
TX1STA                            00000FAC
TX2                               00000006
TX2IE                             00000004
TX2IF                             00000004
TX2IP                             00000004
TX2REG                            00000F73
TX2STA                            00000F72
TX9                               00000006
TX91                              00000006
TX92                              00000006
TX9D                              00000000
TX9D1                             00000000
TX9D2                             00000000
TXEN                              00000005
TXEN1                             00000005
TXEN2                             00000005
TXIE                              00000004
TXIF                              00000004
TXIP                              00000004
TXREG                             00000FAD
TXREG1                            00000FAD
TXREG2                            00000F73
TXSTA                             00000FAC
TXSTA1                            00000FAC
TXSTA2                            00000F72
UA                                00000001
UART1MD                           00000006
UART2MD                           00000007
USUART_BUFFER_0                   00000000
USUART_BUFFER_1                   00000001
USUART_BUFFER_2                   00000002
USUART_BUFFER_3                   00000003
USUART_BUFFER_4                   00000004
USUART_BUFFER_5                   00000005
USUART_BUFFER_6                   00000006
USUART_BUFFER_7                   00000007
USUART_ERROR_FLAG                 00000008
USUART_RECEIVE                    000000A6
USUART_RX_ECHO                    000000C6
USUART_RX_ECHO_FLAG               00000009
USUART_RX_END                     000000CA
USUART_RX_PIN                     00000007
USUART_RX_SHIFT_REGISTER          000000B2
USUART_TRANSMIT                   000000D4
USUART_TX_PIN                     00000006
VDIRMAG                           00000007
VPP                               00000003
VREFCON0                          00000F42
VREFCON1                          00000F41
MPASM 5.86                          MAIN.ASM   4-13-2020  12:08:35         PAGE 34
USUART Communication

SYMBOL TABLE
  LABEL                             VALUE 

VREFCON2                          00000F40
VREFM                             00000002
VREFN                             00000002
VREFP                             00000003
W                                 00000000
WAIT_FOR_TRANSMIT                 000000DA
WCOL                              00000007
WDTCON                            00000FD1
WPUB                              00000F61
WPUB0                             00000000
WPUB1                             00000001
WPUB2                             00000002
WPUB3                             00000003
WPUB4                             00000004
WPUB5                             00000005
WPUB6                             00000006
WPUB7                             00000007
WPUE3                             00000007
WR                                00000001
WREG                              00000FE8
WREN                              00000002
WRERR                             00000003
WUE                               00000001
Z                                 00000002
_BOREN_NOSLP_2L                   000000FD
_BOREN_OFF_2L                     000000F9
_BOREN_ON_2L                      000000FB
_BOREN_SBORDIS_2L                 000000FF
_BORV_190_2L                      000000FF
_BORV_220_2L                      000000F7
_BORV_250_2L                      000000EF
_BORV_285_2L                      000000E7
_CCP2MX_PORTB3_3H                 000000FE
_CCP2MX_PORTC1_3H                 000000FF
_CCP3MX_PORTB5_3H                 000000FF
_CCP3MX_PORTE0_3H                 000000FB
_CONFIG1H                         00300001
_CONFIG2H                         00300003
_CONFIG2L                         00300002
_CONFIG3H                         00300005
_CONFIG4L                         00300006
_CONFIG5H                         00300009
_CONFIG5L                         00300008
_CONFIG6H                         0030000B
_CONFIG6L                         0030000A
_CONFIG7H                         0030000D
_CONFIG7L                         0030000C
_CP0_OFF_5L                       000000FF
_CP0_ON_5L                        000000FE
_CP1_OFF_5L                       000000FF
_CP1_ON_5L                        000000FD
_CP2_OFF_5L                       000000FF
_CP2_ON_5L                        000000FB
MPASM 5.86                          MAIN.ASM   4-13-2020  12:08:35         PAGE 35
USUART Communication

SYMBOL TABLE
  LABEL                             VALUE 

_CP3_OFF_5L                       000000FF
_CP3_ON_5L                        000000F7
_CPB_OFF_5H                       000000FF
_CPB_ON_5H                        000000BF
_CPD_OFF_5H                       000000FF
_CPD_ON_5H                        0000007F
_DEBUG_OFF_4L                     000000FF
_DEBUG_ON_4L                      0000007F
_DEVID1                           003FFFFE
_DEVID2                           003FFFFF
_EBTR0_OFF_7L                     000000FF
_EBTR0_ON_7L                      000000FE
_EBTR1_OFF_7L                     000000FF
_EBTR1_ON_7L                      000000FD
_EBTR2_OFF_7L                     000000FF
_EBTR2_ON_7L                      000000FB
_EBTR3_OFF_7L                     000000FF
_EBTR3_ON_7L                      000000F7
_EBTRB_OFF_7H                     000000FF
_EBTRB_ON_7H                      000000BF
_FCMEN_OFF_1H                     000000BF
_FCMEN_ON_1H                      000000FF
_FOSC_ECHPIO6_1H                  000000F5
_FOSC_ECHP_1H                     000000F4
_FOSC_ECLPIO6_1H                  000000FD
_FOSC_ECLP_1H                     000000FC
_FOSC_ECMPIO6_1H                  000000FB
_FOSC_ECMP_1H                     000000FA
_FOSC_HSHP_1H                     000000F2
_FOSC_HSMP_1H                     000000F3
_FOSC_INTIO67_1H                  000000F8
_FOSC_INTIO7_1H                   000000F9
_FOSC_LP_1H                       000000F0
_FOSC_RCIO6_1H                    000000F7
_FOSC_RC_1H                       000000F6
_FOSC_XT_1H                       000000F1
_HFOFST_OFF_3H                    000000F7
_HFOFST_ON_3H                     000000FF
_IDLOC0                           00200000
_IDLOC1                           00200001
_IDLOC2                           00200002
_IDLOC3                           00200003
_IDLOC4                           00200004
_IDLOC5                           00200005
_IDLOC6                           00200006
_IDLOC7                           00200007
_IESO_OFF_1H                      0000007F
_IESO_ON_1H                       000000FF
_LVP_OFF_4L                       000000FB
_LVP_ON_4L                        000000FF
_MCLRE_EXTMCLR_3H                 000000FF
_MCLRE_INTMCLR_3H                 0000007F
_P2BMX_PORTC0_3H                  000000DF
MPASM 5.86                          MAIN.ASM   4-13-2020  12:08:35         PAGE 36
USUART Communication

SYMBOL TABLE
  LABEL                             VALUE 

_P2BMX_PORTD2_3H                  000000FF
_PBADEN_OFF_3H                    000000FD
_PBADEN_ON_3H                     000000FF
_PLLCFG_OFF_1H                    000000EF
_PLLCFG_ON_1H                     000000FF
_PRICLKEN_OFF_1H                  000000DF
_PRICLKEN_ON_1H                   000000FF
_PWRTEN_OFF_2L                    000000FF
_PWRTEN_ON_2L                     000000FE
_STVREN_OFF_4L                    000000FE
_STVREN_ON_4L                     000000FF
_T3CMX_PORTB5_3H                  000000EF
_T3CMX_PORTC0_3H                  000000FF
_WDTEN_NOSLP_2H                   000000FD
_WDTEN_OFF_2H                     000000FC
_WDTEN_ON_2H                      000000FF
_WDTEN_SWON_2H                    000000FE
_WDTPS_1024_2H                    000000EB
_WDTPS_128_2H                     000000DF
_WDTPS_16384_2H                   000000FB
_WDTPS_16_2H                      000000D3
_WDTPS_1_2H                       000000C3
_WDTPS_2048_2H                    000000EF
_WDTPS_256_2H                     000000E3
_WDTPS_2_2H                       000000C7
_WDTPS_32768_2H                   000000FF
_WDTPS_32_2H                      000000D7
_WDTPS_4096_2H                    000000F3
_WDTPS_4_2H                       000000CB
_WDTPS_512_2H                     000000E7
_WDTPS_64_2H                      000000DB
_WDTPS_8192_2H                    000000F7
_WDTPS_8_2H                       000000CF
_WRT0_OFF_6L                      000000FF
_WRT0_ON_6L                       000000FE
_WRT1_OFF_6L                      000000FF
_WRT1_ON_6L                       000000FD
_WRT2_OFF_6L                      000000FF
_WRT2_ON_6L                       000000FB
_WRT3_OFF_6L                      000000FF
_WRT3_ON_6L                       000000F7
_WRTB_OFF_6H                      000000FF
_WRTB_ON_6H                       000000BF
_WRTC_OFF_6H                      000000FF
_WRTC_ON_6H                       000000DF
_WRTD_OFF_6H                      000000FF
_WRTD_ON_6H                       0000007F
_XINST_OFF_4L                     000000BF
_XINST_ON_4L                      000000FF
__18F45K22                        00000001
delay1                            0000000A
delay1s                           00000086
delay2                            0000000B
MPASM 5.86                          MAIN.ASM   4-13-2020  12:08:35         PAGE 37
USUART Communication

SYMBOL TABLE
  LABEL                             VALUE 

delay3                            0000000C

Errors   :     0
Warnings :     0 reported,     0 suppressed
Messages :     0 reported,     0 suppressed

